president_vote_app/build/app/outputs/mapping/release/seeds.txt
com.example.president_vote_app.MainActivity
com.example.president_vote_app.MainActivity: MainActivity()
...
com.google.firestore.v1.CommitRequest: com.google.protobuf.ByteString transaction_
io.flutter.embedding.engine.FlutterJNI: io.flutter.embedding.engine.FlutterJNI$AsyncWaitForVsyncDelegate asyncWaitForVsyncDelegate
androidx.core.widget.NestedScrollView$SavedState: android.os.Parcelable$Creator CREATOR
io.flutter.embedding.engine.FlutterJNI: io.flutter.plugin.localization.LocalizationPlugin localizationPlugin
androidx.window.embedding.ActivityFilter: android.content.ComponentName componentName
io.flutter.embedding.engine.FlutterJNI: java.util.concurrent.locks.ReentrantReadWriteLock shellHolderLock
androidx.window.layout.SidecarCompat: java.util.Map componentCallbackMap
com.google.firestore.v1.DocumentTransform$FieldTransform: int APPEND_MISSING_ELEMENTS_FIELD_NUMBER
com.google.rpc.Status: int CODE_FIELD_NUMBER
io.flutter.embedding.engine.FlutterJNI: java.lang.Long nativeShellHolderId
com.google.firestore.v1.DocumentDelete: com.google.protobuf.Timestamp readTime_
com.google.firestore.v1.BatchGetDocumentsResponse: int READ_TIME_FIELD_NUMBER
androidx.window.R$attr: int alwaysExpand
com.google.firestore.v1.ListenRequest: int LABELS_FIELD_NUMBER
com.google.firestore.v1.StructuredQuery: com.google.protobuf.Internal$ProtobufList from_
com.google.firestore.v1.ArrayValue: com.google.protobuf.Internal$ProtobufList values_
com.google.firestore.v1.Cursor: int BEFORE_FIELD_NUMBER
com.google.android.gms.common.ConnectionResult: android.os.Parcelable$Creator CREATOR
androidx.window.embedding.ExtensionEmbeddingBackend: java.util.concurrent.CopyOnWriteArrayList splitChangeCallbacks
kotlinx.coroutines.DispatchedCoroutine: int _decision
kotlinx.coroutines.DefaultExecutor: java.lang.Thread _thread
com.google.firestore.v1.WriteRequest: com.google.protobuf.ByteString streamToken_
com.google.protobuf.Any: int VALUE_FIELD_NUMBER
kotlinx.coroutines.scheduling.WorkQueue: int consumerIndex
androidx.window.layout.SidecarCompat$registerConfigurationChangeListener$configChangeObserver$1: android.app.Activity $activity
androidx.window.layout.FoldingFeature$OcclusionType: androidx.window.layout.FoldingFeature$OcclusionType NONE
com.google.firestore.v1.ListenRequest: int targetChangeCase_
androidx.window.embedding.SplitPairFilter: android.content.ComponentName primaryActivityName
androidx.window.R$attr: int secondaryActivityName
com.google.firestore.v1.StructuredQuery$UnaryFilter: com.google.protobuf.Parser PARSER
androidx.window.embedding.ExtensionEmbeddingBackend: androidx.window.embedding.ExtensionEmbeddingBackend globalInstance
kotlin.jvm.internal.CallableReference: java.lang.String name
com.google.firestore.v1.WriteRequest: int STREAM_ID_FIELD_NUMBER
com.google.firestore.v1.DocumentChange: int targetIdsMemoizedSerializedSize
com.google.firebase.firestore.proto.Target: int LAST_LIMBO_FREE_SNAPSHOT_VERSION_FIELD_NUMBER
androidx.window.layout.WindowInfoTrackerImpl$windowLayoutInfo$1: java.lang.Object L$0
androidx.lifecycle.Lifecycle$Event: androidx.lifecycle.Lifecycle$Event$Companion Companion
androidx.window.R$attr: int splitMinSmallestWidth
androidx.window.embedding.EmbeddingTranslatingCallback: androidx.window.embedding.EmbeddingInterfaceCompat$EmbeddingCallbackInterface callback
androidx.window.embedding.ActivityFilter: java.lang.String intentAction
kotlinx.coroutines.scheduling.CoroutineScheduler: int _isTerminated
com.google.firestore.v1.StructuredQuery$FieldFilter: int FIELD_FIELD_NUMBER
com.google.firebase.firestore.proto.UnknownDocument: com.google.protobuf.Parser PARSER
com.google.android.gms.signin.internal.zai: android.os.Parcelable$Creator CREATOR
com.google.protobuf.Any: java.lang.String typeUrl_
androidx.window.embedding.SplitPairRule: boolean finishPrimaryWithSecondary
com.google.firestore.v1.StructuredAggregationQuery: int STRUCTURED_QUERY_FIELD_NUMBER
com.google.firestore.v1.ListenRequest: java.lang.String database_
com.google.firestore.v1.DocumentChange: com.google.protobuf.Parser PARSER