president_vote_app/build/app/outputs/mapping/release/usage.txt
com.example.president_vote_app.BuildConfig
com.example.president_vote_app.R$anim
com.example.president_vote_app.R$animator
com.example.president_vote_app.R$attr
com.example.president_vote_app.R$bool
com.example.president_vote_app.R$color
com.example.president_vote_app.R$dimen
com.example.president_vote_app.R$drawable
com.example.president_vote_app.R$id
com.example.president_vote_app.R$integer
com.example.president_vote_app.R$interpolator
com.example.president_vote_app.R$layout
com.example.president_vote_app.R$mipmap
com.example.president_vote_app.R$raw
com.example.president_vote_app.R$string
com.example.president_vote_app.R$style
com.example.president_vote_app.R$styleable
com.example.president_vote_app.R$xml
com.example.president_vote_app.R
...
android.support.v4.app.INotificationSideChannel$Stub$Proxy
android.support.v4.app.INotificationSideChannel$Stub
android.support.v4.app.INotificationSideChannel$_Parcel
android.support.v4.app.INotificationSideChannel
android.support.v4.os.IResultReceiver$Default
android.support.v4.os.IResultReceiver$Stub$Proxy
android.support.v4.os.IResultReceiver$Stub
android.support.v4.os.IResultReceiver$_Parcel
android.support.v4.os.IResultReceiver2$Default
android.support.v4.os.IResultReceiver2$Stub$Proxy
android.support.v4.os.IResultReceiver2$Stub
android.support.v4.os.IResultReceiver2$_Parcel
android.support.v4.os.IResultReceiver2
android.support.v4.os.IResultReceiver
android.support.v4.os.ResultReceiver$1
android.support.v4.os.ResultReceiver$MyResultReceiver
android.support.v4.os.ResultReceiver$MyRunnable
android.support.v4.os.ResultReceiver
androidx.activity.ComponentActivity$Api19Impl:
    private void <init>()
androidx.activity.ComponentActivity$Api33Impl:
    private void <init>()
androidx.activity.ComponentActivity:
    private static final java.lang.String ACTIVITY_RESULT_TAG
    private androidx.lifecycle.ViewModelProvider$Factory mDefaultFactory
    public void <init>(int)
    public void addMenuProvider(androidx.core.view.MenuProvider)
    public void addMenuProvider(androidx.core.view.MenuProvider,androidx.lifecycle.LifecycleOwner)
    public void addMenuProvider(androidx.core.view.MenuProvider,androidx.lifecycle.LifecycleOwner,androidx.lifecycle.Lifecycle$State)
    public final void addOnConfigurationChangedListener(androidx.core.util.Consumer)
    public final void addOnMultiWindowModeChangedListener(androidx.core.util.Consumer)
    public final void addOnNewIntentListener(androidx.core.util.Consumer)
    public final void addOnPictureInPictureModeChangedListener(androidx.core.util.Consumer)
    public final void addOnTrimMemoryListener(androidx.core.util.Consumer)
    public androidx.lifecycle.ViewModelProvider$Factory getDefaultViewModelProviderFactory()
    public androidx.activity.FullyDrawnReporter getFullyDrawnReporter()
    public java.lang.Object getLastCustomNonConfigurationInstance()
    public android.content.Context peekAvailableContext()
    public final androidx.activity.result.ActivityResultLauncher registerForActivityResult(androidx.activity.result.contract.ActivityResultContract,androidx.activity.result.ActivityResultCallback)
androidx.activity.ComponentDialog
androidx.activity.FullyDrawnReporter:
    public final void addOnReportDrawnListener(kotlin.jvm.functions.Function0)
    public final void addReporter()
    private final void postWhenReportersAreDone()
    public final void removeOnReportDrawnListener(kotlin.jvm.functions.Function0)
    public final void removeReporter()
androidx.activity.FullyDrawnReporterKt$reportWhenComplete$1
androidx.activity.FullyDrawnReporterKt
androidx.activity.FullyDrawnReporterOwner:
    public abstract androidx.activity.FullyDrawnReporter getFullyDrawnReporter()
androidx.activity.ImmLeaksCleaner:
    private static final int INIT_FAILED
    private static final int INIT_SUCCESS
    private static final int NOT_INITIALIAZED
androidx.activity.OnBackPressedCallback:
    public final kotlin.jvm.functions.Function0 getEnabledChangedCallback$activity_release()
androidx.activity.OnBackPressedDispatcher:
    public void <init>()
    public synthetic void <init>(java.lang.Runnable,int,kotlin.jvm.internal.DefaultConstructorMarker)
    public final void addCallback(androidx.activity.OnBackPressedCallback)
androidx.activity.OnBackPressedDispatcherKt$addCallback$callback$1
androidx.activity.OnBackPressedDispatcherKt
androidx.activity.R$id:
    private void <init>()
androidx.activity.R
androidx.activity.ViewTreeFullyDrawnReporterOwner$findViewTreeFullyDrawnReporterOwner$1
androidx.activity.ViewTreeFullyDrawnReporterOwner$findViewTreeFullyDrawnReporterOwner$2